This is pdfTeX, Version 3.141592653-2.6-1.40.24 (TeX Live 2022) (preloaded format=pdflatex 2022.6.16)  27 DEC 2022 15:09
entering extended mode
 restricted \write18 enabled.
 %&-line parsing enabled.
**answers.tex
(./answers.tex
LaTeX2e <2022-06-01> pre-release-0 (develop 2022-6-16 branch)
L3 programming layer <2022-06-02>
(/usr/local/texlive/2022/texmf-dist/tex/latex/base/article.cls
Document Class: article 2021/10/04 v1.4n Standard LaTeX document class
(/usr/local/texlive/2022/texmf-dist/tex/latex/base/size10.clo
File: size10.clo 2021/10/04 v1.4n Standard LaTeX file (size option)
)
\c@part=\count185
\c@section=\count186
\c@subsection=\count187
\c@subsubsection=\count188
\c@paragraph=\count189
\c@subparagraph=\count190
\c@figure=\count191
\c@table=\count192
\abovecaptionskip=\skip47
\belowcaptionskip=\skip48
\bibindent=\dimen138
)
(/usr/local/texlive/2022/texmf-dist/tex/latex/base/inputenc.sty
Package: inputenc 2021/02/14 v1.3d Input encoding file
\inpenc@prehook=\toks16
\inpenc@posthook=\toks17
)
(/usr/local/texlive/2022/texmf-dist/tex/latex/tools/multicol.sty
Package: multicol 2021/11/30 v1.9d multicolumn formatting (FMi)
\c@tracingmulticols=\count193
\mult@box=\box51
\multicol@leftmargin=\dimen139
\c@unbalance=\count194
\c@collectmore=\count195
\doublecol@number=\count196
\multicoltolerance=\count197
\multicolpretolerance=\count198
\full@width=\dimen140
\page@free=\dimen141
\premulticols=\dimen142
\postmulticols=\dimen143
\multicolsep=\skip49
\multicolbaselineskip=\skip50
\partial@page=\box52
\last@line=\box53
\maxbalancingoverflow=\dimen144
\mult@rightbox=\box54
\mult@grightbox=\box55
\mult@firstbox=\box56
\mult@gfirstbox=\box57
\@tempa=\box58
\@tempa=\box59
\@tempa=\box60
\@tempa=\box61
\@tempa=\box62
\@tempa=\box63
\@tempa=\box64
\@tempa=\box65
\@tempa=\box66
\@tempa=\box67
\@tempa=\box68
\@tempa=\box69
\@tempa=\box70
\@tempa=\box71
\@tempa=\box72
\@tempa=\box73
\@tempa=\box74
\@tempa=\box75
\@tempa=\box76
\@tempa=\box77
\@tempa=\box78
\@tempa=\box79
\@tempa=\box80
\@tempa=\box81
\@tempa=\box82
\@tempa=\box83
\@tempa=\box84
\@tempa=\box85
\@tempa=\box86
\@tempa=\box87
\@tempa=\box88
\@tempa=\box89
\@tempa=\box90
\@tempa=\box91
\@tempa=\box92
\@tempa=\box93
\c@minrows=\count199
\c@columnbadness=\count266
\c@finalcolumnbadness=\count267
\last@try=\dimen145
\multicolovershoot=\dimen146
\multicolundershoot=\dimen147
\mult@nat@firstbox=\box94
\colbreak@box=\box95
\mc@col@check@num=\count268
)
(/usr/local/texlive/2022/texmf-dist/tex/latex/l3backend/l3backend-pdftex.def
File: l3backend-pdftex.def 2022-04-20 L3 backend support: PDF output (pdfTeX)
\l__color_backend_stack_int=\count269
\l__pdf_internal_box=\box96
)
(./answers.aux)
\openout1 = `answers.aux'.

LaTeX Font Info:    Checking defaults for OML/cmm/m/it on input line 4.
LaTeX Font Info:    ... okay on input line 4.
LaTeX Font Info:    Checking defaults for OMS/cmsy/m/n on input line 4.
LaTeX Font Info:    ... okay on input line 4.
LaTeX Font Info:    Checking defaults for OT1/cmr/m/n on input line 4.
LaTeX Font Info:    ... okay on input line 4.
LaTeX Font Info:    Checking defaults for T1/cmr/m/n on input line 4.
LaTeX Font Info:    ... okay on input line 4.
LaTeX Font Info:    Checking defaults for TS1/cmr/m/n on input line 4.
LaTeX Font Info:    ... okay on input line 4.
LaTeX Font Info:    Checking defaults for OMX/cmex/m/n on input line 4.
LaTeX Font Info:    ... okay on input line 4.
LaTeX Font Info:    Checking defaults for U/cmr/m/n on input line 4.
LaTeX Font Info:    ... okay on input line 4.
LaTeX Font Info:    External font `cmex10' loaded for size
(Font)              <7> on input line 6.
LaTeX Font Info:    External font `cmex10' loaded for size
(Font)              <5> on input line 6.

Underfull \hbox (badness 10000) in paragraph at lines 6--6
[]$\OT1/cmr/m/n/10 (9\OML/cmm/m/it/10 x[] \OT1/cmr/m/n/10 + 3\OML/cmm/m/it/10 x
 \OMS/cmsy/m/n/10 ^^@ \OT1/cmr/m/n/10 7)(28\OML/cmm/m/it/10 x[]\OT1/cmr/m/n/10 
) +
 []


Underfull \hbox (badness 10000) in paragraph at lines 6--6
[]$\OT1/cmr/m/n/10 (\OML/cmm/m/it/10 x[] \OT1/cmr/m/n/10 + 4\OML/cmm/m/it/10 x[
] \OT1/cmr/m/n/10 + 6\OML/cmm/m/it/10 x\OT1/cmr/m/n/10 )(42\OML/cmm/m/it/10 x[]
\OT1/cmr/m/n/10 ) +
 []


Underfull \hbox (badness 10000) in paragraph at lines 6--6
[]$\OT1/cmr/m/n/10 (2\OML/cmm/m/it/10 x[] \OT1/cmr/m/n/10 + \OML/cmm/m/it/10 x[
] \OT1/cmr/m/n/10 + 10\OML/cmm/m/it/10 x[]\OT1/cmr/m/n/10 )(36\OML/cmm/m/it/10 
x[]\OT1/cmr/m/n/10 ) +
 []

[1

{/usr/local/texlive/2022/texmf-var/fonts/map/pdftex/updmap/pdftex.map}]
[2] [3]
Underfull \hbox (badness 10000) in paragraph at lines 6--6
[]$\OT1/cmr/m/n/10 (6\OML/cmm/m/it/10 x[] \OMS/cmsy/m/n/10 ^^@ \OT1/cmr/m/n/10 
7\OML/cmm/m/it/10 x[] \OT1/cmr/m/n/10 + 8)(12\OML/cmm/m/it/10 x\OT1/cmr/m/n/10 
) +
 []

[4]
Underfull \hbox (badness 10000) in paragraph at lines 6--6
[]$\OT1/cmr/m/n/10 (10\OML/cmm/m/it/10 x[] \OT1/cmr/m/n/10 + 7\OML/cmm/m/it/10 
x[] \OMS/cmsy/m/n/10 ^^@ \OT1/cmr/m/n/10 9\OML/cmm/m/it/10 x[]\OT1/cmr/m/n/10 )
(8\OML/cmm/m/it/10 x[]\OT1/cmr/m/n/10 ) +
 []

[5] [6] [7]
Underfull \hbox (badness 10000) in paragraph at lines 6--6
[]$\OT1/cmr/m/n/10 (7\OML/cmm/m/it/10 x[] \OMS/cmsy/m/n/10 ^^@ \OT1/cmr/m/n/10 
8\OML/cmm/m/it/10 x \OT1/cmr/m/n/10 + 6)(12\OML/cmm/m/it/10 x[]\OT1/cmr/m/n/10 
) +
 []


Underfull \hbox (badness 10000) in paragraph at lines 6--6
[]$\OT1/cmr/m/n/10 (5\OML/cmm/m/it/10 x[] \OT1/cmr/m/n/10 + 6\OML/cmm/m/it/10 x
 \OT1/cmr/m/n/10 + 3)(30\OML/cmm/m/it/10 x[]\OT1/cmr/m/n/10 ) +
 []


Underfull \hbox (badness 10000) in paragraph at lines 6--6
[]$\OT1/cmr/m/n/10 (6\OML/cmm/m/it/10 x[] \OMS/cmsy/m/n/10 ^^@ \OT1/cmr/m/n/10 
3\OML/cmm/m/it/10 x[] \OT1/cmr/m/n/10 + 10\OML/cmm/m/it/10 x\OT1/cmr/m/n/10 )(1
8\OML/cmm/m/it/10 x[]\OT1/cmr/m/n/10 ) +
 []

[8]
Underfull \hbox (badness 10000) in paragraph at lines 6--6
[]$\OT1/cmr/m/n/10 (4\OML/cmm/m/it/10 x[] \OMS/cmsy/m/n/10 ^^@ \OT1/cmr/m/n/10 
6\OML/cmm/m/it/10 x[] \OT1/cmr/m/n/10 + 10)(30\OML/cmm/m/it/10 x[]\OT1/cmr/m/n/
10 ) +
 []


Underfull \hbox (badness 10000) in paragraph at lines 6--6
[]$\OT1/cmr/m/n/10 (9\OML/cmm/m/it/10 x[] \OT1/cmr/m/n/10 + 8\OML/cmm/m/it/10 x
[] \OT1/cmr/m/n/10 + 9\OML/cmm/m/it/10 x\OT1/cmr/m/n/10 )(20\OML/cmm/m/it/10 x[
]\OT1/cmr/m/n/10 ) +
 []


Underfull \hbox (badness 10000) in paragraph at lines 6--6
[]$\OT1/cmr/m/n/10 (4\OML/cmm/m/it/10 x[] \OT1/cmr/m/n/10 + 7\OML/cmm/m/it/10 x
[] \OT1/cmr/m/n/10 + 3\OML/cmm/m/it/10 x[]\OT1/cmr/m/n/10 )(15\OML/cmm/m/it/10 
x[]\OT1/cmr/m/n/10 ) +
 []

[9]
Underfull \hbox (badness 10000) in paragraph at lines 6--6
[]$\OT1/cmr/m/n/10 (6\OML/cmm/m/it/10 x[] \OT1/cmr/m/n/10 + 9\OML/cmm/m/it/10 x
[] \OT1/cmr/m/n/10 + 3\OML/cmm/m/it/10 x[]\OT1/cmr/m/n/10 )(12\OML/cmm/m/it/10 
x[]\OT1/cmr/m/n/10 ) +
 []

[10]
Underfull \hbox (badness 10000) in paragraph at lines 6--6
[]$\OT1/cmr/m/n/10 (4\OML/cmm/m/it/10 x[] \OT1/cmr/m/n/10 + 10\OML/cmm/m/it/10 
x[]\OT1/cmr/m/n/10 )(60\OML/cmm/m/it/10 x[]\OT1/cmr/m/n/10 ) +
 []

[11]
Underfull \hbox (badness 6445) in paragraph at lines 6--6
[]$\OT1/cmr/m/n/10 (9\OML/cmm/m/it/10 x[]\OT1/cmr/m/n/10 )(10\OML/cmm/m/it/10 x
[] \OT1/cmr/m/n/10 + 18\OML/cmm/m/it/10 x\OT1/cmr/m/n/10 ) + (2\OML/cmm/m/it/10
 x[] \OT1/cmr/m/n/10 +
 []

[12]
Underfull \hbox (badness 10000) in paragraph at lines 6--6
[]$\OT1/cmr/m/n/10 (7\OML/cmm/m/it/10 x[] \OMS/cmsy/m/n/10 ^^@ \OT1/cmr/m/n/10 
5\OML/cmm/m/it/10 x[] \OT1/cmr/m/n/10 + 9\OML/cmm/m/it/10 x[]\OT1/cmr/m/n/10 )(
32\OML/cmm/m/it/10 x[]\OT1/cmr/m/n/10 ) +
 []


Underfull \hbox (badness 10000) in paragraph at lines 6--6
[]$\OT1/cmr/m/n/10 (4\OML/cmm/m/it/10 x[] \OMS/cmsy/m/n/10 ^^@ \OT1/cmr/m/n/10 
4\OML/cmm/m/it/10 x \OMS/cmsy/m/n/10 ^^@ \OT1/cmr/m/n/10 8)(20\OML/cmm/m/it/10 
x[]\OT1/cmr/m/n/10 ) +
 []


Underfull \hbox (badness 10000) in paragraph at lines 6--6
[]$\OT1/cmr/m/n/10 (\OML/cmm/m/it/10 x[] \OMS/cmsy/m/n/10 ^^@ \OT1/cmr/m/n/10 1
0\OML/cmm/m/it/10 x[] \OT1/cmr/m/n/10 + 3)(18\OML/cmm/m/it/10 x[]\OT1/cmr/m/n/1
0 ) +
 []

[13]
Underfull \hbox (badness 10000) in paragraph at lines 6--6
[]$\OT1/cmr/m/n/10 (5\OML/cmm/m/it/10 x[] \OT1/cmr/m/n/10 + 2\OML/cmm/m/it/10 x
[] \OMS/cmsy/m/n/10 ^^@ \OT1/cmr/m/n/10 9)(36\OML/cmm/m/it/10 x[]\OT1/cmr/m/n/1
0 ) +
 []

[14] [15]
Underfull \hbox (badness 10000) in paragraph at lines 6--6
[]$\OT1/cmr/m/n/10 (7\OML/cmm/m/it/10 x[] \OMS/cmsy/m/n/10 ^^@ \OT1/cmr/m/n/10 
4\OML/cmm/m/it/10 x[] \OT1/cmr/m/n/10 + 9\OML/cmm/m/it/10 x\OT1/cmr/m/n/10 )(40
\OML/cmm/m/it/10 x[]\OT1/cmr/m/n/10 ) +
 []

[16]
Underfull \hbox (badness 6445) in paragraph at lines 6--6
[]$\OT1/cmr/m/n/10 (6\OML/cmm/m/it/10 x[]\OT1/cmr/m/n/10 )(12\OML/cmm/m/it/10 x
[] \OT1/cmr/m/n/10 + 10\OML/cmm/m/it/10 x\OT1/cmr/m/n/10 ) + (4\OML/cmm/m/it/10
 x[] \OT1/cmr/m/n/10 +
 []


Underfull \hbox (badness 10000) in paragraph at lines 6--6
[]$\OT1/cmr/m/n/10 (7\OML/cmm/m/it/10 x[] \OT1/cmr/m/n/10 + 5\OML/cmm/m/it/10 x
[] \OT1/cmr/m/n/10 + \OML/cmm/m/it/10 x\OT1/cmr/m/n/10 )(18\OML/cmm/m/it/10 x[]
\OT1/cmr/m/n/10 ) +
 []

[17]
Underfull \hbox (badness 10000) in paragraph at lines 6--6
[]$\OT1/cmr/m/n/10 (10\OML/cmm/m/it/10 x[] \OMS/cmsy/m/n/10 ^^@ \OML/cmm/m/it/1
0 x[] \OT1/cmr/m/n/10 + 3\OML/cmm/m/it/10 x[]\OT1/cmr/m/n/10 )(16\OML/cmm/m/it/
10 x[]\OT1/cmr/m/n/10 ) +
 []


Underfull \hbox (badness 10000) in paragraph at lines 6--6
[]$\OT1/cmr/m/n/10 (2\OML/cmm/m/it/10 x[] \OMS/cmsy/m/n/10 ^^@ \OT1/cmr/m/n/10 
4\OML/cmm/m/it/10 x[] \OMS/cmsy/m/n/10 ^^@ \OT1/cmr/m/n/10 9\OML/cmm/m/it/10 x[
]\OT1/cmr/m/n/10 )(30\OML/cmm/m/it/10 x[]\OT1/cmr/m/n/10 ) +
 []


Underfull \hbox (badness 10000) in paragraph at lines 6--6
[]$\OT1/cmr/m/n/10 (6\OML/cmm/m/it/10 x[] \OT1/cmr/m/n/10 + 9\OML/cmm/m/it/10 x
[] \OT1/cmr/m/n/10 + 7\OML/cmm/m/it/10 x[]\OT1/cmr/m/n/10 )(20\OML/cmm/m/it/10 
x\OT1/cmr/m/n/10 ) +
 []

[18] [19] [20]
Underfull \hbox (badness 10000) in paragraph at lines 6--6
[]$\OT1/cmr/m/n/10 (10\OML/cmm/m/it/10 x[] \OT1/cmr/m/n/10 + 10\OML/cmm/m/it/10
 x[] \OMS/cmsy/m/n/10 ^^@ \OT1/cmr/m/n/10 4\OML/cmm/m/it/10 x\OT1/cmr/m/n/10 )(
4\OML/cmm/m/it/10 x[]\OT1/cmr/m/n/10 ) +
 []


Underfull \hbox (badness 10000) in paragraph at lines 6--6
[]$\OT1/cmr/m/n/10 (7\OML/cmm/m/it/10 x[] \OT1/cmr/m/n/10 + 2\OML/cmm/m/it/10 x
[] \OT1/cmr/m/n/10 + 2\OML/cmm/m/it/10 x[]\OT1/cmr/m/n/10 )(24\OML/cmm/m/it/10 
x[]\OT1/cmr/m/n/10 ) +
 []


Underfull \hbox (badness 10000) in paragraph at lines 6--6
[]$\OT1/cmr/m/n/10 (2\OML/cmm/m/it/10 x[] \OT1/cmr/m/n/10 + \OML/cmm/m/it/10 x[
] \OMS/cmsy/m/n/10 ^^@ \OT1/cmr/m/n/10 6)(25\OML/cmm/m/it/10 x[]\OT1/cmr/m/n/10
 ) +
 []

[21]
Underfull \hbox (badness 10000) in paragraph at lines 6--6
[]$\OT1/cmr/m/n/10 (3\OML/cmm/m/it/10 x[] \OT1/cmr/m/n/10 + \OML/cmm/m/it/10 x[
] \OT1/cmr/m/n/10 + 5\OML/cmm/m/it/10 x\OT1/cmr/m/n/10 )(12\OML/cmm/m/it/10 x[]
\OT1/cmr/m/n/10 ) +
 []


Underfull \hbox (badness 10000) in paragraph at lines 6--6
[]$\OT1/cmr/m/n/10 (6\OML/cmm/m/it/10 x[] \OMS/cmsy/m/n/10 ^^@ \OT1/cmr/m/n/10 
8\OML/cmm/m/it/10 x[] \OT1/cmr/m/n/10 + 9\OML/cmm/m/it/10 x\OT1/cmr/m/n/10 )(40
\OML/cmm/m/it/10 x[]\OT1/cmr/m/n/10 ) +
 []


Underfull \hbox (badness 10000) in paragraph at lines 6--6
[]$\OT1/cmr/m/n/10 (9\OML/cmm/m/it/10 x[] \OT1/cmr/m/n/10 + 5\OML/cmm/m/it/10 x
[] \OMS/cmsy/m/n/10 ^^@ \OT1/cmr/m/n/10 5)(48\OML/cmm/m/it/10 x[]\OT1/cmr/m/n/1
0 ) +
 []

[22] [23] [24]
Underfull \hbox (badness 10000) in paragraph at lines 6--6
[]$\OT1/cmr/m/n/10 (\OML/cmm/m/it/10 x[] \OT1/cmr/m/n/10 + 10\OML/cmm/m/it/10 x
[] \OT1/cmr/m/n/10 + 2)(35\OML/cmm/m/it/10 x[]\OT1/cmr/m/n/10 ) +
 []


Underfull \hbox (badness 10000) in paragraph at lines 6--6
[]$\OT1/cmr/m/n/10 (3\OML/cmm/m/it/10 x[] \OMS/cmsy/m/n/10 ^^@ \OML/cmm/m/it/10
 x[] \OT1/cmr/m/n/10 + 10)(60\OML/cmm/m/it/10 x[]\OT1/cmr/m/n/10 ) +
 []


Underfull \hbox (badness 10000) in paragraph at lines 6--6
[]$\OT1/cmr/m/n/10 (2\OML/cmm/m/it/10 x[] \OMS/cmsy/m/n/10 ^^@ \OT1/cmr/m/n/10 
9\OML/cmm/m/it/10 x[] \OMS/cmsy/m/n/10 ^^@ \OT1/cmr/m/n/10 2\OML/cmm/m/it/10 x\
OT1/cmr/m/n/10 )(40\OML/cmm/m/it/10 x[]\OT1/cmr/m/n/10 ) +
 []

[25]
Underfull \hbox (badness 10000) in paragraph at lines 6--6
[]$\OT1/cmr/m/n/10 (4\OML/cmm/m/it/10 x[] \OMS/cmsy/m/n/10 ^^@ \OT1/cmr/m/n/10 
2\OML/cmm/m/it/10 x[] \OMS/cmsy/m/n/10 ^^@ \OT1/cmr/m/n/10 3\OML/cmm/m/it/10 x\
OT1/cmr/m/n/10 )(3\OML/cmm/m/it/10 x[]\OT1/cmr/m/n/10 ) +
 []

[26]
Underfull \hbox (badness 6445) in paragraph at lines 6--6
[]$\OT1/cmr/m/n/10 (4\OML/cmm/m/it/10 x[]\OT1/cmr/m/n/10 )(54\OML/cmm/m/it/10 x
[] \OT1/cmr/m/n/10 + 20\OML/cmm/m/it/10 x\OT1/cmr/m/n/10 ) + (9\OML/cmm/m/it/10
 x[] \OT1/cmr/m/n/10 +
 []

[27] [28]
Underfull \hbox (badness 10000) in paragraph at lines 6--6
[]$\OT1/cmr/m/n/10 (5\OML/cmm/m/it/10 x[] \OMS/cmsy/m/n/10 ^^@ \OT1/cmr/m/n/10 
2\OML/cmm/m/it/10 x[] \OT1/cmr/m/n/10 + 7)(30\OML/cmm/m/it/10 x[]\OT1/cmr/m/n/1
0 ) +
 []

[29]
Underfull \hbox (badness 10000) in paragraph at lines 6--6
[]$\OT1/cmr/m/n/10 (9\OML/cmm/m/it/10 x[]\OT1/cmr/m/n/10 )(48\OML/cmm/m/it/10 x
[] \OT1/cmr/m/n/10 + 10) + (8\OML/cmm/m/it/10 x[] \OT1/cmr/m/n/10 +
 []

[30]
Underfull \hbox (badness 10000) in paragraph at lines 6--6
[]$\OT1/cmr/m/n/10 (9\OML/cmm/m/it/10 x[] \OMS/cmsy/m/n/10 ^^@ \OT1/cmr/m/n/10 
3\OML/cmm/m/it/10 x[] \OMS/cmsy/m/n/10 ^^@ \OT1/cmr/m/n/10 3\OML/cmm/m/it/10 x[
]\OT1/cmr/m/n/10 )(35\OML/cmm/m/it/10 x[]\OT1/cmr/m/n/10 ) +
 []


Underfull \hbox (badness 5939) in paragraph at lines 6--6
[]$\OT1/cmr/m/n/10 (3\OML/cmm/m/it/10 x[] \OMS/cmsy/m/n/10 ^^@ \OT1/cmr/m/n/10 
9\OML/cmm/m/it/10 x[] \OT1/cmr/m/n/10 + 10\OML/cmm/m/it/10 x[]\OT1/cmr/m/n/10 )
(12\OML/cmm/m/it/10 x[]\OT1/cmr/m/n/10 ) +
 []


Underfull \hbox (badness 10000) in paragraph at lines 6--6
[]$\OT1/cmr/m/n/10 (7\OML/cmm/m/it/10 x[]\OT1/cmr/m/n/10 )(12\OML/cmm/m/it/10 x
[] \OT1/cmr/m/n/10 + 8\OML/cmm/m/it/10 x\OT1/cmr/m/n/10 ) + (3\OML/cmm/m/it/10 
x[] \OT1/cmr/m/n/10 +
 []


Underfull \hbox (badness 10000) in paragraph at lines 6--6
[]$\OT1/cmr/m/n/10 (7\OML/cmm/m/it/10 x[] \OMS/cmsy/m/n/10 ^^@ \OT1/cmr/m/n/10 
8\OML/cmm/m/it/10 x[] \OMS/cmsy/m/n/10 ^^@ \OT1/cmr/m/n/10 5\OML/cmm/m/it/10 x[
]\OT1/cmr/m/n/10 )(21\OML/cmm/m/it/10 x[]\OT1/cmr/m/n/10 ) +
 []

[31] [32]
Underfull \hbox (badness 10000) in paragraph at lines 6--6
[]$\OT1/cmr/m/n/10 (2\OML/cmm/m/it/10 x[] \OMS/cmsy/m/n/10 ^^@ \OT1/cmr/m/n/10 
4\OML/cmm/m/it/10 x[] \OT1/cmr/m/n/10 + 10)(28\OML/cmm/m/it/10 x[]\OT1/cmr/m/n/
10 ) +
 []


Underfull \hbox (badness 10000) in paragraph at lines 6--6
[]$\OT1/cmr/m/n/10 (\OML/cmm/m/it/10 x[] \OMS/cmsy/m/n/10 ^^@ \OT1/cmr/m/n/10 4
\OML/cmm/m/it/10 x[] \OT1/cmr/m/n/10 + 10\OML/cmm/m/it/10 x[]\OT1/cmr/m/n/10 )(
21\OML/cmm/m/it/10 x[]\OT1/cmr/m/n/10 ) +
 []


Underfull \hbox (badness 10000) in paragraph at lines 6--6
[]$\OT1/cmr/m/n/10 (3\OML/cmm/m/it/10 x[] \OT1/cmr/m/n/10 + 5\OML/cmm/m/it/10 x
[] \OMS/cmsy/m/n/10 ^^@ \OT1/cmr/m/n/10 5\OML/cmm/m/it/10 x\OT1/cmr/m/n/10 )(60
\OML/cmm/m/it/10 x[]\OT1/cmr/m/n/10 ) +
 []

[33]
Underfull \hbox (badness 10000) in paragraph at lines 6--6
[]$\OT1/cmr/m/n/10 (5\OML/cmm/m/it/10 x[] \OMS/cmsy/m/n/10 ^^@ \OT1/cmr/m/n/10 
6\OML/cmm/m/it/10 x[] \OMS/cmsy/m/n/10 ^^@ \OT1/cmr/m/n/10 5)(45\OML/cmm/m/it/1
0 x[]\OT1/cmr/m/n/10 ) +
 []


Underfull \hbox (badness 10000) in paragraph at lines 6--6
[]$\OT1/cmr/m/n/10 (3\OML/cmm/m/it/10 x[] \OMS/cmsy/m/n/10 ^^@ \OT1/cmr/m/n/10 
8\OML/cmm/m/it/10 x \OMS/cmsy/m/n/10 ^^@ \OT1/cmr/m/n/10 7)(30\OML/cmm/m/it/10 
x[]\OT1/cmr/m/n/10 ) +
 []

[34] [35]
Underfull \hbox (badness 10000) in paragraph at lines 6--6
[]$\OT1/cmr/m/n/10 (\OML/cmm/m/it/10 x[]\OT1/cmr/m/n/10 )(24\OML/cmm/m/it/10 x[
] \OMS/cmsy/m/n/10 ^^@ \OT1/cmr/m/n/10 6\OML/cmm/m/it/10 x[]\OT1/cmr/m/n/10 ) +
 (4\OML/cmm/m/it/10 x[] \OMS/cmsy/m/n/10 ^^@
 []

[36]
Underfull \hbox (badness 10000) in paragraph at lines 6--6
[]$\OT1/cmr/m/n/10 (5\OML/cmm/m/it/10 x[] \OMS/cmsy/m/n/10 ^^@ \OT1/cmr/m/n/10 
4\OML/cmm/m/it/10 x[] \OT1/cmr/m/n/10 + \OML/cmm/m/it/10 x\OT1/cmr/m/n/10 )(14\
OML/cmm/m/it/10 x\OT1/cmr/m/n/10 ) +
 []

[37]
Underfull \hbox (badness 10000) in paragraph at lines 6--6
[]$\OT1/cmr/m/n/10 (8\OML/cmm/m/it/10 x[] \OMS/cmsy/m/n/10 ^^@ \OT1/cmr/m/n/10 
5\OML/cmm/m/it/10 x[] \OMS/cmsy/m/n/10 ^^@ \OT1/cmr/m/n/10 2\OML/cmm/m/it/10 x\
OT1/cmr/m/n/10 )(10\OML/cmm/m/it/10 x[]\OT1/cmr/m/n/10 ) +
 []


Underfull \hbox (badness 6445) in paragraph at lines 6--6
[]$\OT1/cmr/m/n/10 (8\OML/cmm/m/it/10 x[]\OT1/cmr/m/n/10 )(30\OML/cmm/m/it/10 x
[] \OMS/cmsy/m/n/10 ^^@ \OT1/cmr/m/n/10 16\OML/cmm/m/it/10 x\OT1/cmr/m/n/10 ) +
 (6\OML/cmm/m/it/10 x[] \OMS/cmsy/m/n/10 ^^@
 []


Underfull \hbox (badness 10000) in paragraph at lines 6--6
[]$\OT1/cmr/m/n/10 (10\OML/cmm/m/it/10 x[] \OT1/cmr/m/n/10 + 6\OML/cmm/m/it/10 
x[] \OT1/cmr/m/n/10 + 3)(42\OML/cmm/m/it/10 x[]\OT1/cmr/m/n/10 ) +
 []


Underfull \hbox (badness 10000) in paragraph at lines 6--6
[]$\OT1/cmr/m/n/10 (4\OML/cmm/m/it/10 x[] \OMS/cmsy/m/n/10 ^^@ \OT1/cmr/m/n/10 
4\OML/cmm/m/it/10 x[] \OT1/cmr/m/n/10 + 7\OML/cmm/m/it/10 x[]\OT1/cmr/m/n/10 )(
50\OML/cmm/m/it/10 x[]\OT1/cmr/m/n/10 ) +
 []

[38]
Underfull \hbox (badness 6910) in paragraph at lines 6--6
[]$\OT1/cmr/m/n/10 (4\OML/cmm/m/it/10 x[]\OT1/cmr/m/n/10 )(16\OML/cmm/m/it/10 x
[] \OT1/cmr/m/n/10 + 6\OML/cmm/m/it/10 x[]\OT1/cmr/m/n/10 ) + (4\OML/cmm/m/it/1
0 x[] \OT1/cmr/m/n/10 +
 []


Underfull \hbox (badness 10000) in paragraph at lines 6--6
[]$\OT1/cmr/m/n/10 (5\OML/cmm/m/it/10 x[] \OMS/cmsy/m/n/10 ^^@ \OT1/cmr/m/n/10 
2\OML/cmm/m/it/10 x[] \OT1/cmr/m/n/10 + 5\OML/cmm/m/it/10 x\OT1/cmr/m/n/10 )(12
\OML/cmm/m/it/10 x[]\OT1/cmr/m/n/10 ) +
 []

[39] (./answers.aux) ) 
Here is how much of TeX's memory you used:
 600 strings out of 478040
 11424 string characters out of 5839127
 336458 words of memory out of 5000000
 19111 multiletter control sequences out of 15000+600000
 469259 words of font info for 28 fonts, out of 8000000 for 9000
 1141 hyphenation exceptions out of 8191
 34i,5n,38p,54725b,279s stack positions out of 10000i,1000n,20000p,200000b,200000s
</usr/local/texlive/2022/texmf-dist/fonts/type1/public/am
sfonts/cm/cmmi10.pfb></usr/local/texlive/2022/texmf-dist/fonts/type1/public/ams
fonts/cm/cmr10.pfb></usr/local/texlive/2022/texmf-dist/fonts/type1/public/amsfo
nts/cm/cmr7.pfb></usr/local/texlive/2022/texmf-dist/fonts/type1/public/amsfonts
/cm/cmsy10.pfb>
Output written on answers.pdf (39 pages, 114431 bytes).
PDF statistics:
 152 PDF objects out of 1000 (max. 8388607)
 101 compressed objects within 2 object streams
 0 named destinations out of 1000 (max. 500000)
 1 words of extra memory for PDF output out of 10000 (max. 10000000)

